[debug] [2026-03-04T15:39:25.473Z] ----------------------------------------------------------------------
[debug] [2026-03-04T15:39:25.481Z] Command:       /usr/local/bin/node /usr/local/bin/firebase deploy --only functions
[debug] [2026-03-04T15:39:25.481Z] CLI Version:   15.8.0
[debug] [2026-03-04T15:39:25.481Z] Platform:      darwin
[debug] [2026-03-04T15:39:25.481Z] Node Version:  v20.14.0
[debug] [2026-03-04T15:39:25.481Z] Time:          Wed Mar 04 2026 21:09:25 GMT+0530 (India Standard Time)
[debug] [2026-03-04T15:39:25.482Z] ----------------------------------------------------------------------
[debug] 
[debug] [2026-03-04T15:39:26.686Z] > command requires scopes: ["email","openid","https://www.googleapis.com/auth/cloudplatformprojects.readonly","https://www.googleapis.com/auth/firebase","https://www.googleapis.com/auth/cloud-platform"]
[debug] [2026-03-04T15:39:26.687Z] > authorizing via signed-in user (winnimaleesha@gmail.com)
[debug] [2026-03-04T15:39:26.687Z] [iam] checking project pip-metric for permissions ["cloudfunctions.functions.create","cloudfunctions.functions.delete","cloudfunctions.functions.get","cloudfunctions.functions.list","cloudfunctions.functions.update","cloudfunctions.operations.get","firebase.projects.get"]
[debug] [2026-03-04T15:39:26.688Z] Checked if tokens are valid: false, expires at: 1772632494894
[debug] [2026-03-04T15:39:26.688Z] Checked if tokens are valid: false, expires at: 1772632494894
[debug] [2026-03-04T15:39:26.688Z] > refreshing access token with scopes: []
[debug] [2026-03-04T15:39:26.690Z] >>> [apiv2][query] POST https://www.googleapis.com/oauth2/v3/token [none]
[debug] [2026-03-04T15:39:26.690Z] >>> [apiv2][body] POST https://www.googleapis.com/oauth2/v3/token [omitted]
[debug] [2026-03-04T15:39:28.338Z] <<< [apiv2][status] POST https://www.googleapis.com/oauth2/v3/token 200
[debug] [2026-03-04T15:39:28.338Z] <<< [apiv2][body] POST https://www.googleapis.com/oauth2/v3/token [omitted]
[debug] [2026-03-04T15:39:28.355Z] >>> [apiv2][query] POST https://cloudresourcemanager.googleapis.com/v1/projects/pip-metric:testIamPermissions [none]
[debug] [2026-03-04T15:39:28.356Z] >>> [apiv2][(partial)header] POST https://cloudresourcemanager.googleapis.com/v1/projects/pip-metric:testIamPermissions  x-goog-user-project=pip-metric
[debug] [2026-03-04T15:39:28.356Z] >>> [apiv2][body] POST https://cloudresourcemanager.googleapis.com/v1/projects/pip-metric:testIamPermissions {"permissions":["cloudfunctions.functions.create","cloudfunctions.functions.delete","cloudfunctions.functions.get","cloudfunctions.functions.list","cloudfunctions.functions.update","cloudfunctions.operations.get","firebase.projects.get"]}
[debug] [2026-03-04T15:39:30.214Z] <<< [apiv2][status] POST https://cloudresourcemanager.googleapis.com/v1/projects/pip-metric:testIamPermissions 200
[debug] [2026-03-04T15:39:30.215Z] <<< [apiv2][body] POST https://cloudresourcemanager.googleapis.com/v1/projects/pip-metric:testIamPermissions {"permissions":["cloudfunctions.functions.create","cloudfunctions.functions.delete","cloudfunctions.functions.get","cloudfunctions.functions.list","cloudfunctions.functions.update","cloudfunctions.operations.get","firebase.projects.get"]}
[debug] [2026-03-04T15:39:30.216Z] Checked if tokens are valid: true, expires at: 1772642367339
[debug] [2026-03-04T15:39:30.216Z] Checked if tokens are valid: true, expires at: 1772642367339
[debug] [2026-03-04T15:39:30.216Z] >>> [apiv2][query] POST https://iam.googleapis.com/v1/projects/pip-metric/serviceAccounts/pip-metric@appspot.gserviceaccount.com:testIamPermissions [none]
[debug] [2026-03-04T15:39:30.216Z] >>> [apiv2][body] POST https://iam.googleapis.com/v1/projects/pip-metric/serviceAccounts/pip-metric@appspot.gserviceaccount.com:testIamPermissions {"permissions":["iam.serviceAccounts.actAs"]}
[debug] [2026-03-04T15:39:33.270Z] <<< [apiv2][status] POST https://iam.googleapis.com/v1/projects/pip-metric/serviceAccounts/pip-metric@appspot.gserviceaccount.com:testIamPermissions 404
[debug] [2026-03-04T15:39:33.271Z] <<< [apiv2][body] POST https://iam.googleapis.com/v1/projects/pip-metric/serviceAccounts/pip-metric@appspot.gserviceaccount.com:testIamPermissions {"error":{"code":404,"message":"Unknown service account","status":"NOT_FOUND"}}
[debug] [2026-03-04T15:39:33.271Z] [functions] service account IAM check errored, deploy may fail: Request to https://iam.googleapis.com/v1/projects/pip-metric/serviceAccounts/pip-metric@appspot.gserviceaccount.com:testIamPermissions had HTTP Error: 404, Unknown service account {"name":"FirebaseError","children":[],"context":{"body":{"error":{"code":404,"message":"Unknown service account","status":"NOT_FOUND"}},"response":{"statusCode":404}},"exit":1,"message":"Request to https://iam.googleapis.com/v1/projects/pip-metric/serviceAccounts/pip-metric@appspot.gserviceaccount.com:testIamPermissions had HTTP Error: 404, Unknown service account","status":404}
[info] 
[info] === Deploying to 'pip-metric'...
[info] 
[info] i  deploying functions 
[debug] [2026-03-04T15:39:33.276Z] Checked if tokens are valid: true, expires at: 1772642367339
[debug] [2026-03-04T15:39:33.276Z] Checked if tokens are valid: true, expires at: 1772642367339
[debug] [2026-03-04T15:39:33.276Z] >>> [apiv2][query] GET https://cloudresourcemanager.googleapis.com/v1/projects/pip-metric [none]
[debug] [2026-03-04T15:39:33.989Z] <<< [apiv2][status] GET https://cloudresourcemanager.googleapis.com/v1/projects/pip-metric 200
[debug] [2026-03-04T15:39:33.989Z] <<< [apiv2][body] GET https://cloudresourcemanager.googleapis.com/v1/projects/pip-metric {"projectNumber":"16549216806","projectId":"pip-metric","lifecycleState":"ACTIVE","name":"Pip metric","labels":{"firebase":"enabled","firebase-core":"disabled"},"createTime":"2026-03-04T08:48:26.331941Z"}
[info] i  functions: preparing codebase default for deployment 
[info] i  functions: ensuring required API cloudfunctions.googleapis.com is enabled... 
[info] i  functions: ensuring required API cloudbuild.googleapis.com is enabled... 
[info] i  artifactregistry: ensuring required API artifactregistry.googleapis.com is enabled... 
[debug] [2026-03-04T15:39:33.993Z] Checked if tokens are valid: true, expires at: 1772642367339
[debug] [2026-03-04T15:39:33.993Z] Checked if tokens are valid: true, expires at: 1772642367339
[debug] [2026-03-04T15:39:33.993Z] >>> [apiv2][query] GET https://firebase.googleapis.com/v1beta1/projects/pip-metric/adminSdkConfig [none]
[debug] [2026-03-04T15:39:35.452Z] <<< [apiv2][status] GET https://firebase.googleapis.com/v1beta1/projects/pip-metric/adminSdkConfig 200
[debug] [2026-03-04T15:39:35.452Z] <<< [apiv2][body] GET https://firebase.googleapis.com/v1beta1/projects/pip-metric/adminSdkConfig {"projectId":"pip-metric","storageBucket":"pip-metric.firebasestorage.app"}
[debug] [2026-03-04T15:39:35.456Z] Validating nodejs source
[debug] [2026-03-04T15:39:36.854Z] > [functions] package.json contents: {
  "name": "functions",
  "description": "Cloud Functions for Firebase",
  "scripts": {
    "serve": "firebase emulators:start --only functions",
    "shell": "firebase functions:shell",
    "start": "npm run shell",
    "deploy": "firebase deploy --only functions",
    "logs": "firebase functions:log"
  },
  "engines": {
    "node": "24"
  },
  "main": "index.js",
  "dependencies": {
    "axios": "^1.13.6",
    "firebase-admin": "^13.6.0",
    "firebase-functions": "^7.0.0"
  },
  "devDependencies": {
    "firebase-functions-test": "^3.4.1"
  },
  "private": true
}
[debug] [2026-03-04T15:39:36.855Z] Building nodejs source
[info] i  functions: Loading and analyzing source code for codebase default to determine what to deploy 
[debug] [2026-03-04T15:39:36.856Z] Could not find functions.yaml. Must use http discovery
[debug] [2026-03-04T15:39:36.867Z] Found firebase-functions binary at '/Users/maleeshakawshan/Documents/GitHub/PipMetric/functions/node_modules/.bin/firebase-functions'
[info] Serving at port 8623

[debug] [2026-03-04T15:39:37.436Z] Got response from /__/functions.yaml {"endpoints":{"fetchTradingNews":{"availableMemoryMb":null,"timeoutSeconds":null,"minInstances":null,"maxInstances":null,"ingressSettings":null,"concurrency":null,"serviceAccountEmail":null,"vpc":null,"platform":"gcfv2","labels":{},"httpsTrigger":{},"entryPoint":"fetchTradingNews"}},"specVersion":"v1alpha1","requiredAPIs":[],"extensions":{}}
[info] i  extensions: ensuring required API firebaseextensions.googleapis.com is enabled... 
[debug] [2026-03-04T15:39:42.468Z] > command requires scopes: ["email","openid","https://www.googleapis.com/auth/cloudplatformprojects.readonly","https://www.googleapis.com/auth/firebase","https://www.googleapis.com/auth/cloud-platform"]
[debug] [2026-03-04T15:39:42.468Z] > authorizing via signed-in user (winnimaleesha@gmail.com)
[debug] [2026-03-04T15:39:42.468Z] [iam] checking project pip-metric for permissions ["firebase.projects.get","firebaseextensions.instances.list"]
[debug] [2026-03-04T15:39:42.468Z] Checked if tokens are valid: true, expires at: 1772642367339
[debug] [2026-03-04T15:39:42.468Z] Checked if tokens are valid: true, expires at: 1772642367339
[debug] [2026-03-04T15:39:42.469Z] >>> [apiv2][query] POST https://cloudresourcemanager.googleapis.com/v1/projects/pip-metric:testIamPermissions [none]
[debug] [2026-03-04T15:39:42.469Z] >>> [apiv2][(partial)header] POST https://cloudresourcemanager.googleapis.com/v1/projects/pip-metric:testIamPermissions  x-goog-user-project=pip-metric
[debug] [2026-03-04T15:39:42.469Z] >>> [apiv2][body] POST https://cloudresourcemanager.googleapis.com/v1/projects/pip-metric:testIamPermissions {"permissions":["firebase.projects.get","firebaseextensions.instances.list"]}
[debug] [2026-03-04T15:39:45.791Z] <<< [apiv2][status] POST https://cloudresourcemanager.googleapis.com/v1/projects/pip-metric:testIamPermissions 200
[debug] [2026-03-04T15:39:45.791Z] <<< [apiv2][body] POST https://cloudresourcemanager.googleapis.com/v1/projects/pip-metric:testIamPermissions {"permissions":["firebase.projects.get","firebaseextensions.instances.list"]}
[debug] [2026-03-04T15:39:45.792Z] Checked if tokens are valid: true, expires at: 1772642367339
[debug] [2026-03-04T15:39:45.792Z] Checked if tokens are valid: true, expires at: 1772642367339
[debug] [2026-03-04T15:39:45.794Z] >>> [apiv2][query] GET https://firebaseextensions.googleapis.com/v1beta/projects/pip-metric/instances pageSize=100&pageToken=
[debug] [2026-03-04T15:39:52.042Z] <<< [apiv2][status] GET https://firebaseextensions.googleapis.com/v1beta/projects/pip-metric/instances 200
[debug] [2026-03-04T15:39:52.042Z] <<< [apiv2][body] GET https://firebaseextensions.googleapis.com/v1beta/projects/pip-metric/instances {}
[info] i  functions: preparing functions directory for uploading... 
[info] i  functions: packaged /Users/maleeshakawshan/Documents/GitHub/PipMetric/functions (71.27 KB) for uploading 
[debug] [2026-03-04T15:39:52.086Z] Checked if tokens are valid: true, expires at: 1772642367339
[debug] [2026-03-04T15:39:52.086Z] Checked if tokens are valid: true, expires at: 1772642367339
[debug] [2026-03-04T15:39:52.086Z] >>> [apiv2][query] GET https://cloudfunctions.googleapis.com/v1/projects/pip-metric/locations/-/functions [none]
[debug] [2026-03-04T15:39:56.570Z] <<< [apiv2][status] GET https://cloudfunctions.googleapis.com/v1/projects/pip-metric/locations/-/functions 200
[debug] [2026-03-04T15:39:56.570Z] <<< [apiv2][body] GET https://cloudfunctions.googleapis.com/v1/projects/pip-metric/locations/-/functions {}
[debug] [2026-03-04T15:39:56.571Z] Checked if tokens are valid: true, expires at: 1772642367339
[debug] [2026-03-04T15:39:56.571Z] Checked if tokens are valid: true, expires at: 1772642367339
[debug] [2026-03-04T15:39:56.571Z] >>> [apiv2][query] GET https://cloudfunctions.googleapis.com/v2/projects/pip-metric/locations/-/functions filter=environment%3D%22GEN_2%22
[debug] [2026-03-04T15:40:01.916Z] <<< [apiv2][status] GET https://cloudfunctions.googleapis.com/v2/projects/pip-metric/locations/-/functions 200
[debug] [2026-03-04T15:40:01.916Z] <<< [apiv2][body] GET https://cloudfunctions.googleapis.com/v2/projects/pip-metric/locations/-/functions {}
[info] i  functions: ensuring required API run.googleapis.com is enabled... 
[info] i  functions: ensuring required API eventarc.googleapis.com is enabled... 
[info] i  functions: ensuring required API pubsub.googleapis.com is enabled... 
[info] i  functions: ensuring required API storage.googleapis.com is enabled... 
[info] i  functions: generating the service identity for pubsub.googleapis.com... 
[debug] [2026-03-04T15:40:01.921Z] Checked if tokens are valid: true, expires at: 1772642367339
[debug] [2026-03-04T15:40:01.921Z] Checked if tokens are valid: true, expires at: 1772642367339
[info] i  functions: generating the service identity for eventarc.googleapis.com... 
[debug] [2026-03-04T15:40:01.921Z] Checked if tokens are valid: true, expires at: 1772642367339
[debug] [2026-03-04T15:40:01.921Z] Checked if tokens are valid: true, expires at: 1772642367339
[debug] [2026-03-04T15:40:01.921Z] >>> [apiv2][query] POST https://serviceusage.googleapis.com/v1beta1/projects/16549216806/services/pubsub.googleapis.com:generateServiceIdentity [none]
[debug] [2026-03-04T15:40:01.921Z] >>> [apiv2][(partial)header] POST https://serviceusage.googleapis.com/v1beta1/projects/16549216806/services/pubsub.googleapis.com:generateServiceIdentity  x-goog-user-project=16549216806
[debug] [2026-03-04T15:40:01.921Z] >>> [apiv2][body] POST https://serviceusage.googleapis.com/v1beta1/projects/16549216806/services/pubsub.googleapis.com:generateServiceIdentity {}
[debug] [2026-03-04T15:40:01.923Z] >>> [apiv2][query] POST https://serviceusage.googleapis.com/v1beta1/projects/16549216806/services/eventarc.googleapis.com:generateServiceIdentity [none]
[debug] [2026-03-04T15:40:01.923Z] >>> [apiv2][(partial)header] POST https://serviceusage.googleapis.com/v1beta1/projects/16549216806/services/eventarc.googleapis.com:generateServiceIdentity  x-goog-user-project=16549216806
[debug] [2026-03-04T15:40:01.923Z] >>> [apiv2][body] POST https://serviceusage.googleapis.com/v1beta1/projects/16549216806/services/eventarc.googleapis.com:generateServiceIdentity {}
[debug] [2026-03-04T15:40:05.789Z] <<< [apiv2][status] POST https://serviceusage.googleapis.com/v1beta1/projects/16549216806/services/eventarc.googleapis.com:generateServiceIdentity 200
[debug] [2026-03-04T15:40:05.790Z] <<< [apiv2][body] POST https://serviceusage.googleapis.com/v1beta1/projects/16549216806/services/eventarc.googleapis.com:generateServiceIdentity {"name":"operations/finished.DONE_OPERATION","done":true,"response":{"@type":"type.googleapis.com/google.api.serviceusage.v1beta1.ServiceIdentity","email":"service-16549216806@gcp-sa-eventarc.iam.gserviceaccount.com","uniqueId":"113564576994844307123"}}
[debug] [2026-03-04T15:40:05.909Z] <<< [apiv2][status] POST https://serviceusage.googleapis.com/v1beta1/projects/16549216806/services/pubsub.googleapis.com:generateServiceIdentity 200
[debug] [2026-03-04T15:40:05.909Z] <<< [apiv2][body] POST https://serviceusage.googleapis.com/v1beta1/projects/16549216806/services/pubsub.googleapis.com:generateServiceIdentity {"name":"operations/finished.DONE_OPERATION","done":true,"response":{"@type":"type.googleapis.com/google.api.serviceusage.v1beta1.ServiceIdentity","email":"service-16549216806@gcp-sa-pubsub.iam.gserviceaccount.com","uniqueId":"109999823620210396120"}}
[debug] [2026-03-04T15:40:05.913Z] Checked if tokens are valid: true, expires at: 1772642367339
[debug] [2026-03-04T15:40:05.913Z] Checked if tokens are valid: true, expires at: 1772642367339
[debug] [2026-03-04T15:40:05.914Z] >>> [apiv2][query] GET https://cloudresourcemanager.googleapis.com/v1/projects/pip-metric [none]
[debug] [2026-03-04T15:40:08.567Z] <<< [apiv2][status] GET https://cloudresourcemanager.googleapis.com/v1/projects/pip-metric 200
[debug] [2026-03-04T15:40:08.568Z] <<< [apiv2][body] GET https://cloudresourcemanager.googleapis.com/v1/projects/pip-metric {"projectNumber":"16549216806","projectId":"pip-metric","lifecycleState":"ACTIVE","name":"Pip metric","labels":{"firebase":"enabled","firebase-core":"disabled"},"createTime":"2026-03-04T08:48:26.331941Z"}
[debug] [2026-03-04T15:40:08.568Z] Checked if tokens are valid: true, expires at: 1772642367339
[debug] [2026-03-04T15:40:08.568Z] Checked if tokens are valid: true, expires at: 1772642367339
[debug] [2026-03-04T15:40:08.568Z] >>> [apiv2][query] GET https://compute.googleapis.com/compute/v1/projects/16549216806 [none]
[debug] [2026-03-04T15:40:11.319Z] <<< [apiv2][status] GET https://compute.googleapis.com/compute/v1/projects/16549216806 403
[debug] [2026-03-04T15:40:11.319Z] <<< [apiv2][body] GET https://compute.googleapis.com/compute/v1/projects/16549216806 {"error":{"code":403,"message":"Compute Engine API has not been used in project 16549216806 before or it is disabled. Enable it by visiting https://console.developers.google.com/apis/api/compute.googleapis.com/overview?project=16549216806 then retry. If you enabled this API recently, wait a few minutes for the action to propagate to our systems and retry.","errors":[{"message":"Compute Engine API has not been used in project 16549216806 before or it is disabled. Enable it by visiting https://console.developers.google.com/apis/api/compute.googleapis.com/overview?project=16549216806 then retry. If you enabled this API recently, wait a few minutes for the action to propagate to our systems and retry.","domain":"usageLimits","reason":"accessNotConfigured","extendedHelp":"https://console.developers.google.com"}],"status":"PERMISSION_DENIED","details":[{"@type":"type.googleapis.com/google.rpc.ErrorInfo","reason":"SERVICE_DISABLED","domain":"googleapis.com","metadata":{"activationUrl":"https://console.developers.google.com/apis/api/compute.googleapis.com/overview?project=16549216806","consumer":"projects/16549216806","containerInfo":"16549216806","serviceTitle":"Compute Engine API","service":"compute.googleapis.com"}},{"@type":"type.googleapis.com/google.rpc.LocalizedMessage","locale":"en-US","message":"Compute Engine API has not been used in project 16549216806 before or it is disabled. Enable it by visiting https://console.developers.google.com/apis/api/compute.googleapis.com/overview?project=16549216806 then retry. If you enabled this API recently, wait a few minutes for the action to propagate to our systems and retry."},{"@type":"type.googleapis.com/google.rpc.Help","links":[{"description":"Google developers console API activation","url":"https://console.developers.google.com/apis/api/compute.googleapis.com/overview?project=16549216806"}]}]}}
[debug] [2026-03-04T15:40:11.320Z] unable to look up default compute service account. Falling back to 16549216806-compute@developer.gserviceaccount.com. Error: {"name":"FirebaseError","children":[],"context":{"body":{"error":{"code":403,"message":"Compute Engine API has not been used in project 16549216806 before or it is disabled. Enable it by visiting https://console.developers.google.com/apis/api/compute.googleapis.com/overview?project=16549216806 then retry. If you enabled this API recently, wait a few minutes for the action to propagate to our systems and retry.","errors":[{"message":"Compute Engine API has not been used in project 16549216806 before or it is disabled. Enable it by visiting https://console.developers.google.com/apis/api/compute.googleapis.com/overview?project=16549216806 then retry. If you enabled this API recently, wait a few minutes for the action to propagate to our systems and retry.","domain":"usageLimits","reason":"accessNotConfigured","extendedHelp":"https://console.developers.google.com"}],"status":"PERMISSION_DENIED","details":[{"@type":"type.googleapis.com/google.rpc.ErrorInfo","reason":"SERVICE_DISABLED","domain":"googleapis.com","metadata":{"activationUrl":"https://console.developers.google.com/apis/api/compute.googleapis.com/overview?project=16549216806","consumer":"projects/16549216806","containerInfo":"16549216806","serviceTitle":"Compute Engine API","service":"compute.googleapis.com"}},{"@type":"type.googleapis.com/google.rpc.LocalizedMessage","locale":"en-US","message":"Compute Engine API has not been used in project 16549216806 before or it is disabled. Enable it by visiting https://console.developers.google.com/apis/api/compute.googleapis.com/overview?project=16549216806 then retry. If you enabled this API recently, wait a few minutes for the action to propagate to our systems and retry."},{"@type":"type.googleapis.com/google.rpc.Help","links":[{"description":"Google developers console API activation","url":"https://console.developers.google.com/apis/api/compute.googleapis.com/overview?project=16549216806"}]}]}},"response":{"statusCode":403}},"exit":1,"message":"Request to https://compute.googleapis.com/compute/v1/projects/16549216806 had HTTP Error: 403, Compute Engine API has not been used in project 16549216806 before or it is disabled. Enable it by visiting https://console.developers.google.com/apis/api/compute.googleapis.com/overview?project=16549216806 then retry. If you enabled this API recently, wait a few minutes for the action to propagate to our systems and retry.","status":403}
[debug] [2026-03-04T15:40:11.321Z] Checked if tokens are valid: true, expires at: 1772642367339
[debug] [2026-03-04T15:40:11.321Z] Checked if tokens are valid: true, expires at: 1772642367339
[debug] [2026-03-04T15:40:11.321Z] >>> [apiv2][query] GET https://cloudbilling.googleapis.com/v1/projects/pip-metric/billingInfo [none]
[debug] [2026-03-04T15:40:15.366Z] <<< [apiv2][status] GET https://cloudbilling.googleapis.com/v1/projects/pip-metric/billingInfo 200
[debug] [2026-03-04T15:40:15.367Z] <<< [apiv2][body] GET https://cloudbilling.googleapis.com/v1/projects/pip-metric/billingInfo {"name":"projects/pip-metric/billingInfo","projectId":"pip-metric","billingAccountName":"billingAccounts/01999B-8E51F1-0DE52C","billingEnabled":true}
[debug] [2026-03-04T15:40:15.368Z] [functions] found 1 new HTTP functions, testing setIamPolicy permission...
[debug] [2026-03-04T15:40:15.368Z] Checked if tokens are valid: true, expires at: 1772642367339
[debug] [2026-03-04T15:40:15.368Z] Checked if tokens are valid: true, expires at: 1772642367339
[debug] [2026-03-04T15:40:15.368Z] >>> [apiv2][query] POST https://cloudresourcemanager.googleapis.com/v1/projects/pip-metric:testIamPermissions [none]
[debug] [2026-03-04T15:40:15.369Z] >>> [apiv2][(partial)header] POST https://cloudresourcemanager.googleapis.com/v1/projects/pip-metric:testIamPermissions  x-goog-user-project=pip-metric
[debug] [2026-03-04T15:40:15.369Z] >>> [apiv2][body] POST https://cloudresourcemanager.googleapis.com/v1/projects/pip-metric:testIamPermissions {"permissions":["cloudfunctions.functions.setIamPolicy"]}
[debug] [2026-03-04T15:40:18.029Z] <<< [apiv2][status] POST https://cloudresourcemanager.googleapis.com/v1/projects/pip-metric:testIamPermissions 200
[debug] [2026-03-04T15:40:18.029Z] <<< [apiv2][body] POST https://cloudresourcemanager.googleapis.com/v1/projects/pip-metric:testIamPermissions {"permissions":["cloudfunctions.functions.setIamPolicy"]}
[debug] [2026-03-04T15:40:18.029Z] [functions] found setIamPolicy permission, proceeding with deploy
[debug] [2026-03-04T15:40:18.031Z] Checked if tokens are valid: true, expires at: 1772642367339
[debug] [2026-03-04T15:40:18.031Z] Checked if tokens are valid: true, expires at: 1772642367339
[debug] [2026-03-04T15:40:18.031Z] >>> [apiv2][query] POST https://cloudfunctions.googleapis.com/v2/projects/pip-metric/locations/us-central1/functions:generateUploadUrl [none]
[debug] [2026-03-04T15:40:21.592Z] <<< [apiv2][status] POST https://cloudfunctions.googleapis.com/v2/projects/pip-metric/locations/us-central1/functions:generateUploadUrl 200
[debug] [2026-03-04T15:40:21.593Z] <<< [apiv2][body] POST https://cloudfunctions.googleapis.com/v2/projects/pip-metric/locations/us-central1/functions:generateUploadUrl {"uploadUrl":"https://storage.googleapis.com/gcf-v2-uploads-16549216806.us-central1.cloudfunctions.appspot.com/1343670e-57ae-4d33-ae72-8c59f89b0792.zip?GoogleAccessId=service-16549216806@gcf-admin-robot.iam.gserviceaccount.com&Expires=1772640621&Signature=vNZU4B5z3AX1l%2BlzGj7vBvLOgHYbwDlQ3zvnvRhVGJegosKQ%2BUL2%2BAxNYFD5A9%2Bi1z0K1qvt8VDaA6W3jOIkXXjPlH4jM6BXh3pDr8P0pGaIh%2FLovJ05BIiEqPcyTK0BF7quB4K244jH%2F8Q0vMgXpg5esl3aA3doCjsqfMneRGi6fKQxiHEwKoAf3Wzv6w4yDDkDJJ4W669SeIGFvwVnWHR7NDO7LVM4zQd5VgFGFh8Fytl%2Bnx32wofY2DNIn9WGiMx5w4q60Lk4RhNM8jN5sl%2FV84Qxu5Y77o3WraqNh8JDXB6CBAPpiz%2BHOpDWE2wiMiO%2B1dfAbRSChP5KMCwNsg%3D%3D","storageSource":{"bucket":"gcf-v2-uploads-16549216806.us-central1.cloudfunctions.appspot.com","object":"1343670e-57ae-4d33-ae72-8c59f89b0792.zip"}}
[debug] [2026-03-04T15:40:21.595Z] >>> [apiv2][query] PUT https://storage.googleapis.com/gcf-v2-uploads-16549216806.us-central1.cloudfunctions.appspot.com/1343670e-57ae-4d33-ae72-8c59f89b0792.zip GoogleAccessId=service-16549216806%40gcf-admin-robot.iam.gserviceaccount.com&Expires=1772640621&Signature=vNZU4B5z3AX1l%2BlzGj7vBvLOgHYbwDlQ3zvnvRhVGJegosKQ%2BUL2%2BAxNYFD5A9%2Bi1z0K1qvt8VDaA6W3jOIkXXjPlH4jM6BXh3pDr8P0pGaIh%2FLovJ05BIiEqPcyTK0BF7quB4K244jH%2F8Q0vMgXpg5esl3aA3doCjsqfMneRGi6fKQxiHEwKoAf3Wzv6w4yDDkDJJ4W669SeIGFvwVnWHR7NDO7LVM4zQd5VgFGFh8Fytl%2Bnx32wofY2DNIn9WGiMx5w4q60Lk4RhNM8jN5sl%2FV84Qxu5Y77o3WraqNh8JDXB6CBAPpiz%2BHOpDWE2wiMiO%2B1dfAbRSChP5KMCwNsg%3D%3D
[debug] [2026-03-04T15:40:21.595Z] >>> [apiv2][body] PUT https://storage.googleapis.com/gcf-v2-uploads-16549216806.us-central1.cloudfunctions.appspot.com/1343670e-57ae-4d33-ae72-8c59f89b0792.zip [stream]
[debug] [2026-03-04T15:40:32.770Z] <<< [apiv2][status] PUT https://storage.googleapis.com/gcf-v2-uploads-16549216806.us-central1.cloudfunctions.appspot.com/1343670e-57ae-4d33-ae72-8c59f89b0792.zip 200
[debug] [2026-03-04T15:40:32.771Z] <<< [apiv2][body] PUT https://storage.googleapis.com/gcf-v2-uploads-16549216806.us-central1.cloudfunctions.appspot.com/1343670e-57ae-4d33-ae72-8c59f89b0792.zip [omitted]
[info] ✔  functions: functions source uploaded successfully 
[info] i  functions: creating Node.js 24 (2nd Gen) function fetchTradingNews(us-central1)... 
[debug] [2026-03-04T15:40:32.778Z] Checked if tokens are valid: true, expires at: 1772642367339
[debug] [2026-03-04T15:40:32.778Z] Checked if tokens are valid: true, expires at: 1772642367339
[debug] [2026-03-04T15:40:32.778Z] >>> [apiv2][query] POST https://cloudfunctions.googleapis.com/v2/projects/pip-metric/locations/us-central1/functions functionId=fetchTradingNews
[debug] [2026-03-04T15:40:32.778Z] >>> [apiv2][body] POST https://cloudfunctions.googleapis.com/v2/projects/pip-metric/locations/us-central1/functions {"name":"projects/pip-metric/locations/us-central1/functions/fetchTradingNews","buildConfig":{"runtime":"nodejs24","entryPoint":"fetchTradingNews","source":{"storageSource":{"bucket":"gcf-v2-uploads-16549216806.us-central1.cloudfunctions.appspot.com","object":"1343670e-57ae-4d33-ae72-8c59f89b0792.zip"}},"environmentVariables":{"GOOGLE_NODE_RUN_SCRIPTS":""}},"serviceConfig":{"environmentVariables":{"FIREBASE_CONFIG":"{\"projectId\":\"pip-metric\",\"storageBucket\":\"pip-metric.firebasestorage.app\"}","GCLOUD_PROJECT":"pip-metric","EVENTARC_CLOUD_EVENT_SOURCE":"projects/pip-metric/locations/us-central1/services/fetchTradingNews","FUNCTION_TARGET":"fetchTradingNews","LOG_EXECUTION_ID":"true"},"ingressSettings":null,"timeoutSeconds":null,"serviceAccountEmail":null,"availableMemory":"256Mi","minInstanceCount":null,"maxInstanceCount":null,"maxInstanceRequestConcurrency":80,"availableCpu":"1","vpcConnector":null,"vpcConnectorEgressSettings":null},"labels":{"deployment-tool":"cli-firebase","firebase-functions-hash":"e40fca2262ea4ee3117001cbbd29b664d9285d3c"}}
[debug] [2026-03-04T15:40:36.389Z] <<< [apiv2][status] POST https://cloudfunctions.googleapis.com/v2/projects/pip-metric/locations/us-central1/functions 200
[debug] [2026-03-04T15:40:36.389Z] <<< [apiv2][body] POST https://cloudfunctions.googleapis.com/v2/projects/pip-metric/locations/us-central1/functions {"name":"projects/pip-metric/locations/us-central1/operations/operation-1772638835200-64c34a416503c-1bb94152-c11a1d7d","metadata":{"@type":"type.googleapis.com/google.cloud.functions.v2.OperationMetadata","createTime":"2026-03-04T15:40:36.165636014Z","target":"projects/pip-metric/locations/us-central1/functions/fetchTradingNews","verb":"create","cancelRequested":false,"apiVersion":"v2"},"done":false}
[debug] [2026-03-04T15:40:36.390Z] Checked if tokens are valid: true, expires at: 1772642367339
[debug] [2026-03-04T15:40:36.390Z] Checked if tokens are valid: true, expires at: 1772642367339
[debug] [2026-03-04T15:40:36.390Z] >>> [apiv2][query] GET https://cloudfunctions.googleapis.com/v2/projects/pip-metric/locations/us-central1/operations/operation-1772638835200-64c34a416503c-1bb94152-c11a1d7d [none]
[debug] [2026-03-04T15:40:37.880Z] <<< [apiv2][status] GET https://cloudfunctions.googleapis.com/v2/projects/pip-metric/locations/us-central1/operations/operation-1772638835200-64c34a416503c-1bb94152-c11a1d7d 200
[debug] [2026-03-04T15:40:37.880Z] <<< [apiv2][body] GET https://cloudfunctions.googleapis.com/v2/projects/pip-metric/locations/us-central1/operations/operation-1772638835200-64c34a416503c-1bb94152-c11a1d7d {"name":"projects/pip-metric/locations/us-central1/operations/operation-1772638835200-64c34a416503c-1bb94152-c11a1d7d","metadata":{"@type":"type.googleapis.com/google.cloud.functions.v2.OperationMetadata","createTime":"2026-03-04T15:40:36.165636014Z","target":"projects/pip-metric/locations/us-central1/functions/fetchTradingNews","verb":"create","cancelRequested":false,"apiVersion":"v2","requestResource":{"@type":"type.googleapis.com/google.cloud.functions.v2.Function","name":"projects/pip-metric/locations/us-central1/functions/fetchTradingNews","buildConfig":{"runtime":"nodejs24","entryPoint":"fetchTradingNews","source":{"storageSource":{"bucket":"gcf-v2-sources-16549216806-us-central1","object":"fetchTradingNews/function-source.zip","generation":"1772638835859523"}},"environmentVariables":{"GOOGLE_NODE_RUN_SCRIPTS":""},"serviceAccount":"projects/pip-metric/serviceAccounts/16549216806-compute@developer.gserviceaccount.com","automaticUpdatePolicy":{}},"serviceConfig":{"service":"projects/pip-metric/locations/us-central1/services/fetchtradingnews","timeoutSeconds":60,"environmentVariables":{"FIREBASE_CONFIG":"{\"projectId\":\"pip-metric\",\"storageBucket\":\"pip-metric.firebasestorage.app\"}","GCLOUD_PROJECT":"pip-metric","EVENTARC_CLOUD_EVENT_SOURCE":"projects/pip-metric/locations/us-central1/services/fetchTradingNews","FUNCTION_TARGET":"fetchTradingNews","LOG_EXECUTION_ID":"true"},"ingressSettings":"ALLOW_ALL","serviceAccountEmail":"16549216806-compute@developer.gserviceaccount.com","availableMemory":"256Mi","maxInstanceRequestConcurrency":80,"availableCpu":"1"},"labels":{"deployment-tool":"cli-firebase","firebase-functions-hash":"e40fca2262ea4ee3117001cbbd29b664d9285d3c"},"environment":"GEN_2"},"stages":[{"name":"BUILD","state":"NOT_STARTED"},{"name":"SERVICE","state":"NOT_STARTED"}],"operationType":"CREATE_FUNCTION"},"done":false}
[debug] [2026-03-04T15:40:38.382Z] [create-default-us-central1-fetchTradingNews] Retrying task index 0
[debug] [2026-03-04T15:40:38.383Z] Checked if tokens are valid: true, expires at: 1772642367339
[debug] [2026-03-04T15:40:38.383Z] Checked if tokens are valid: true, expires at: 1772642367339
[debug] [2026-03-04T15:40:38.383Z] >>> [apiv2][query] GET https://cloudfunctions.googleapis.com/v2/projects/pip-metric/locations/us-central1/operations/operation-1772638835200-64c34a416503c-1bb94152-c11a1d7d [none]
[debug] [2026-03-04T15:40:40.028Z] <<< [apiv2][status] GET https://cloudfunctions.googleapis.com/v2/projects/pip-metric/locations/us-central1/operations/operation-1772638835200-64c34a416503c-1bb94152-c11a1d7d 200
[debug] [2026-03-04T15:40:40.029Z] <<< [apiv2][body] GET https://cloudfunctions.googleapis.com/v2/projects/pip-metric/locations/us-central1/operations/operation-1772638835200-64c34a416503c-1bb94152-c11a1d7d {"name":"projects/pip-metric/locations/us-central1/operations/operation-1772638835200-64c34a416503c-1bb94152-c11a1d7d","metadata":{"@type":"type.googleapis.com/google.cloud.functions.v2.OperationMetadata","createTime":"2026-03-04T15:40:36.165636014Z","target":"projects/pip-metric/locations/us-central1/functions/fetchTradingNews","verb":"create","cancelRequested":false,"apiVersion":"v2","requestResource":{"@type":"type.googleapis.com/google.cloud.functions.v2.Function","name":"projects/pip-metric/locations/us-central1/functions/fetchTradingNews","buildConfig":{"runtime":"nodejs24","entryPoint":"fetchTradingNews","source":{"storageSource":{"bucket":"gcf-v2-sources-16549216806-us-central1","object":"fetchTradingNews/function-source.zip","generation":"1772638835859523"}},"environmentVariables":{"GOOGLE_NODE_RUN_SCRIPTS":""},"serviceAccount":"projects/pip-metric/serviceAccounts/16549216806-compute@developer.gserviceaccount.com","automaticUpdatePolicy":{}},"serviceConfig":{"service":"projects/pip-metric/locations/us-central1/services/fetchtradingnews","timeoutSeconds":60,"environmentVariables":{"FIREBASE_CONFIG":"{\"projectId\":\"pip-metric\",\"storageBucket\":\"pip-metric.firebasestorage.app\"}","GCLOUD_PROJECT":"pip-metric","EVENTARC_CLOUD_EVENT_SOURCE":"projects/pip-metric/locations/us-central1/services/fetchTradingNews","FUNCTION_TARGET":"fetchTradingNews","LOG_EXECUTION_ID":"true"},"ingressSettings":"ALLOW_ALL","serviceAccountEmail":"16549216806-compute@developer.gserviceaccount.com","availableMemory":"256Mi","maxInstanceRequestConcurrency":80,"availableCpu":"1"},"labels":{"deployment-tool":"cli-firebase","firebase-functions-hash":"e40fca2262ea4ee3117001cbbd29b664d9285d3c"},"environment":"GEN_2"},"stages":[{"name":"BUILD","state":"NOT_STARTED"},{"name":"SERVICE","state":"NOT_STARTED"}],"operationType":"CREATE_FUNCTION"},"done":false}
[debug] [2026-03-04T15:40:41.030Z] [create-default-us-central1-fetchTradingNews] Retrying task index 0
[debug] [2026-03-04T15:40:41.031Z] Checked if tokens are valid: true, expires at: 1772642367339
[debug] [2026-03-04T15:40:41.031Z] Checked if tokens are valid: true, expires at: 1772642367339
[debug] [2026-03-04T15:40:41.031Z] >>> [apiv2][query] GET https://cloudfunctions.googleapis.com/v2/projects/pip-metric/locations/us-central1/operations/operation-1772638835200-64c34a416503c-1bb94152-c11a1d7d [none]
[debug] [2026-03-04T15:40:44.635Z] <<< [apiv2][status] GET https://cloudfunctions.googleapis.com/v2/projects/pip-metric/locations/us-central1/operations/operation-1772638835200-64c34a416503c-1bb94152-c11a1d7d 200
[debug] [2026-03-04T15:40:44.635Z] <<< [apiv2][body] GET https://cloudfunctions.googleapis.com/v2/projects/pip-metric/locations/us-central1/operations/operation-1772638835200-64c34a416503c-1bb94152-c11a1d7d {"name":"projects/pip-metric/locations/us-central1/operations/operation-1772638835200-64c34a416503c-1bb94152-c11a1d7d","metadata":{"@type":"type.googleapis.com/google.cloud.functions.v2.OperationMetadata","createTime":"2026-03-04T15:40:36.165636014Z","target":"projects/pip-metric/locations/us-central1/functions/fetchTradingNews","verb":"create","cancelRequested":false,"apiVersion":"v2","requestResource":{"@type":"type.googleapis.com/google.cloud.functions.v2.Function","name":"projects/pip-metric/locations/us-central1/functions/fetchTradingNews","buildConfig":{"runtime":"nodejs24","entryPoint":"fetchTradingNews","source":{"storageSource":{"bucket":"gcf-v2-sources-16549216806-us-central1","object":"fetchTradingNews/function-source.zip","generation":"1772638835859523"}},"environmentVariables":{"GOOGLE_NODE_RUN_SCRIPTS":""},"serviceAccount":"projects/pip-metric/serviceAccounts/16549216806-compute@developer.gserviceaccount.com","automaticUpdatePolicy":{}},"serviceConfig":{"service":"projects/pip-metric/locations/us-central1/services/fetchtradingnews","timeoutSeconds":60,"environmentVariables":{"FIREBASE_CONFIG":"{\"projectId\":\"pip-metric\",\"storageBucket\":\"pip-metric.firebasestorage.app\"}","GCLOUD_PROJECT":"pip-metric","EVENTARC_CLOUD_EVENT_SOURCE":"projects/pip-metric/locations/us-central1/services/fetchTradingNews","FUNCTION_TARGET":"fetchTradingNews","LOG_EXECUTION_ID":"true"},"ingressSettings":"ALLOW_ALL","serviceAccountEmail":"16549216806-compute@developer.gserviceaccount.com","availableMemory":"256Mi","maxInstanceRequestConcurrency":80,"availableCpu":"1"},"labels":{"deployment-tool":"cli-firebase","firebase-functions-hash":"e40fca2262ea4ee3117001cbbd29b664d9285d3c"},"environment":"GEN_2"},"stages":[{"name":"BUILD","state":"NOT_STARTED"},{"name":"SERVICE","state":"NOT_STARTED"}],"operationType":"CREATE_FUNCTION"},"done":false}
[debug] [2026-03-04T15:40:46.636Z] [create-default-us-central1-fetchTradingNews] Retrying task index 0
[debug] [2026-03-04T15:40:46.637Z] Checked if tokens are valid: true, expires at: 1772642367339
[debug] [2026-03-04T15:40:46.637Z] Checked if tokens are valid: true, expires at: 1772642367339
[debug] [2026-03-04T15:40:46.637Z] >>> [apiv2][query] GET https://cloudfunctions.googleapis.com/v2/projects/pip-metric/locations/us-central1/operations/operation-1772638835200-64c34a416503c-1bb94152-c11a1d7d [none]
[debug] [2026-03-04T15:40:47.469Z] <<< [apiv2][status] GET https://cloudfunctions.googleapis.com/v2/projects/pip-metric/locations/us-central1/operations/operation-1772638835200-64c34a416503c-1bb94152-c11a1d7d 200
[debug] [2026-03-04T15:40:47.469Z] <<< [apiv2][body] GET https://cloudfunctions.googleapis.com/v2/projects/pip-metric/locations/us-central1/operations/operation-1772638835200-64c34a416503c-1bb94152-c11a1d7d {"name":"projects/pip-metric/locations/us-central1/operations/operation-1772638835200-64c34a416503c-1bb94152-c11a1d7d","metadata":{"@type":"type.googleapis.com/google.cloud.functions.v2.OperationMetadata","createTime":"2026-03-04T15:40:36.165636014Z","target":"projects/pip-metric/locations/us-central1/functions/fetchTradingNews","verb":"create","cancelRequested":false,"apiVersion":"v2","requestResource":{"@type":"type.googleapis.com/google.cloud.functions.v2.Function","name":"projects/pip-metric/locations/us-central1/functions/fetchTradingNews","buildConfig":{"runtime":"nodejs24","entryPoint":"fetchTradingNews","source":{"storageSource":{"bucket":"gcf-v2-sources-16549216806-us-central1","object":"fetchTradingNews/function-source.zip","generation":"1772638835859523"}},"environmentVariables":{"GOOGLE_NODE_RUN_SCRIPTS":""},"serviceAccount":"projects/pip-metric/serviceAccounts/16549216806-compute@developer.gserviceaccount.com","automaticUpdatePolicy":{}},"serviceConfig":{"service":"projects/pip-metric/locations/us-central1/services/fetchtradingnews","timeoutSeconds":60,"environmentVariables":{"FIREBASE_CONFIG":"{\"projectId\":\"pip-metric\",\"storageBucket\":\"pip-metric.firebasestorage.app\"}","GCLOUD_PROJECT":"pip-metric","EVENTARC_CLOUD_EVENT_SOURCE":"projects/pip-metric/locations/us-central1/services/fetchTradingNews","FUNCTION_TARGET":"fetchTradingNews","LOG_EXECUTION_ID":"true"},"ingressSettings":"ALLOW_ALL","serviceAccountEmail":"16549216806-compute@developer.gserviceaccount.com","availableMemory":"256Mi","maxInstanceRequestConcurrency":80,"availableCpu":"1"},"labels":{"deployment-tool":"cli-firebase","firebase-functions-hash":"e40fca2262ea4ee3117001cbbd29b664d9285d3c"},"environment":"GEN_2"},"stages":[{"name":"BUILD","state":"NOT_STARTED"},{"name":"SERVICE","state":"NOT_STARTED"}],"operationType":"CREATE_FUNCTION"},"done":false}
[debug] [2026-03-04T15:40:51.471Z] [create-default-us-central1-fetchTradingNews] Retrying task index 0
[debug] [2026-03-04T15:40:51.471Z] Checked if tokens are valid: true, expires at: 1772642367339
[debug] [2026-03-04T15:40:51.471Z] Checked if tokens are valid: true, expires at: 1772642367339
[debug] [2026-03-04T15:40:51.472Z] >>> [apiv2][query] GET https://cloudfunctions.googleapis.com/v2/projects/pip-metric/locations/us-central1/operations/operation-1772638835200-64c34a416503c-1bb94152-c11a1d7d [none]
[debug] [2026-03-04T15:40:52.516Z] <<< [apiv2][status] GET https://cloudfunctions.googleapis.com/v2/projects/pip-metric/locations/us-central1/operations/operation-1772638835200-64c34a416503c-1bb94152-c11a1d7d 200
[debug] [2026-03-04T15:40:52.516Z] <<< [apiv2][body] GET https://cloudfunctions.googleapis.com/v2/projects/pip-metric/locations/us-central1/operations/operation-1772638835200-64c34a416503c-1bb94152-c11a1d7d {"name":"projects/pip-metric/locations/us-central1/operations/operation-1772638835200-64c34a416503c-1bb94152-c11a1d7d","metadata":{"@type":"type.googleapis.com/google.cloud.functions.v2.OperationMetadata","createTime":"2026-03-04T15:40:36.165636014Z","target":"projects/pip-metric/locations/us-central1/functions/fetchTradingNews","verb":"create","cancelRequested":false,"apiVersion":"v2","requestResource":{"@type":"type.googleapis.com/google.cloud.functions.v2.Function","name":"projects/pip-metric/locations/us-central1/functions/fetchTradingNews","buildConfig":{"runtime":"nodejs24","entryPoint":"fetchTradingNews","source":{"storageSource":{"bucket":"gcf-v2-sources-16549216806-us-central1","object":"fetchTradingNews/function-source.zip","generation":"1772638835859523"}},"environmentVariables":{"GOOGLE_NODE_RUN_SCRIPTS":""},"serviceAccount":"projects/pip-metric/serviceAccounts/16549216806-compute@developer.gserviceaccount.com","automaticUpdatePolicy":{}},"serviceConfig":{"service":"projects/pip-metric/locations/us-central1/services/fetchtradingnews","timeoutSeconds":60,"environmentVariables":{"FIREBASE_CONFIG":"{\"projectId\":\"pip-metric\",\"storageBucket\":\"pip-metric.firebasestorage.app\"}","GCLOUD_PROJECT":"pip-metric","EVENTARC_CLOUD_EVENT_SOURCE":"projects/pip-metric/locations/us-central1/services/fetchTradingNews","FUNCTION_TARGET":"fetchTradingNews","LOG_EXECUTION_ID":"true"},"ingressSettings":"ALLOW_ALL","serviceAccountEmail":"16549216806-compute@developer.gserviceaccount.com","availableMemory":"256Mi","maxInstanceRequestConcurrency":80,"availableCpu":"1"},"labels":{"deployment-tool":"cli-firebase","firebase-functions-hash":"e40fca2262ea4ee3117001cbbd29b664d9285d3c"},"environment":"GEN_2"},"stages":[{"name":"BUILD","message":"Build in progress","state":"IN_PROGRESS","resource":"projects/16549216806/locations/us-central1/builds/25dea766-da90-4fa1-9e7b-bd73da41967e","resourceUri":"https://console.cloud.google.com/cloud-build/builds;region=us-central1/25dea766-da90-4fa1-9e7b-bd73da41967e?project=16549216806"},{"name":"SERVICE","state":"NOT_STARTED"}],"operationType":"CREATE_FUNCTION","buildName":"projects/16549216806/locations/us-central1/builds/25dea766-da90-4fa1-9e7b-bd73da41967e"},"done":false}
[debug] [2026-03-04T15:41:00.518Z] [create-default-us-central1-fetchTradingNews] Retrying task index 0
[debug] [2026-03-04T15:41:00.521Z] Checked if tokens are valid: true, expires at: 1772642367339
[debug] [2026-03-04T15:41:00.521Z] Checked if tokens are valid: true, expires at: 1772642367339
[debug] [2026-03-04T15:41:00.521Z] >>> [apiv2][query] GET https://cloudfunctions.googleapis.com/v2/projects/pip-metric/locations/us-central1/operations/operation-1772638835200-64c34a416503c-1bb94152-c11a1d7d [none]
[debug] [2026-03-04T15:41:03.832Z] <<< [apiv2][status] GET https://cloudfunctions.googleapis.com/v2/projects/pip-metric/locations/us-central1/operations/operation-1772638835200-64c34a416503c-1bb94152-c11a1d7d 200
[debug] [2026-03-04T15:41:03.832Z] <<< [apiv2][body] GET https://cloudfunctions.googleapis.com/v2/projects/pip-metric/locations/us-central1/operations/operation-1772638835200-64c34a416503c-1bb94152-c11a1d7d {"name":"projects/pip-metric/locations/us-central1/operations/operation-1772638835200-64c34a416503c-1bb94152-c11a1d7d","metadata":{"@type":"type.googleapis.com/google.cloud.functions.v2.OperationMetadata","createTime":"2026-03-04T15:40:36.165636014Z","target":"projects/pip-metric/locations/us-central1/functions/fetchTradingNews","verb":"create","cancelRequested":false,"apiVersion":"v2","requestResource":{"@type":"type.googleapis.com/google.cloud.functions.v2.Function","name":"projects/pip-metric/locations/us-central1/functions/fetchTradingNews","buildConfig":{"runtime":"nodejs24","entryPoint":"fetchTradingNews","source":{"storageSource":{"bucket":"gcf-v2-sources-16549216806-us-central1","object":"fetchTradingNews/function-source.zip","generation":"1772638835859523"}},"environmentVariables":{"GOOGLE_NODE_RUN_SCRIPTS":""},"serviceAccount":"projects/pip-metric/serviceAccounts/16549216806-compute@developer.gserviceaccount.com","automaticUpdatePolicy":{}},"serviceConfig":{"service":"projects/pip-metric/locations/us-central1/services/fetchtradingnews","timeoutSeconds":60,"environmentVariables":{"FIREBASE_CONFIG":"{\"projectId\":\"pip-metric\",\"storageBucket\":\"pip-metric.firebasestorage.app\"}","GCLOUD_PROJECT":"pip-metric","EVENTARC_CLOUD_EVENT_SOURCE":"projects/pip-metric/locations/us-central1/services/fetchTradingNews","FUNCTION_TARGET":"fetchTradingNews","LOG_EXECUTION_ID":"true"},"ingressSettings":"ALLOW_ALL","serviceAccountEmail":"16549216806-compute@developer.gserviceaccount.com","availableMemory":"256Mi","maxInstanceRequestConcurrency":80,"availableCpu":"1"},"labels":{"deployment-tool":"cli-firebase","firebase-functions-hash":"e40fca2262ea4ee3117001cbbd29b664d9285d3c"},"environment":"GEN_2"},"stages":[{"name":"BUILD","message":"Build in progress","state":"IN_PROGRESS","resource":"projects/16549216806/locations/us-central1/builds/25dea766-da90-4fa1-9e7b-bd73da41967e","resourceUri":"https://console.cloud.google.com/cloud-build/builds;region=us-central1/25dea766-da90-4fa1-9e7b-bd73da41967e?project=16549216806"},{"name":"SERVICE","state":"NOT_STARTED"}],"operationType":"CREATE_FUNCTION","buildName":"projects/16549216806/locations/us-central1/builds/25dea766-da90-4fa1-9e7b-bd73da41967e"},"done":false}
[debug] [2026-03-04T15:41:13.833Z] [create-default-us-central1-fetchTradingNews] Retrying task index 0
[debug] [2026-03-04T15:41:13.833Z] Checked if tokens are valid: true, expires at: 1772642367339
[debug] [2026-03-04T15:41:13.833Z] Checked if tokens are valid: true, expires at: 1772642367339
[debug] [2026-03-04T15:41:13.833Z] >>> [apiv2][query] GET https://cloudfunctions.googleapis.com/v2/projects/pip-metric/locations/us-central1/operations/operation-1772638835200-64c34a416503c-1bb94152-c11a1d7d [none]
[debug] [2026-03-04T15:41:16.766Z] <<< [apiv2][status] GET https://cloudfunctions.googleapis.com/v2/projects/pip-metric/locations/us-central1/operations/operation-1772638835200-64c34a416503c-1bb94152-c11a1d7d 200
[debug] [2026-03-04T15:41:16.766Z] <<< [apiv2][body] GET https://cloudfunctions.googleapis.com/v2/projects/pip-metric/locations/us-central1/operations/operation-1772638835200-64c34a416503c-1bb94152-c11a1d7d {"name":"projects/pip-metric/locations/us-central1/operations/operation-1772638835200-64c34a416503c-1bb94152-c11a1d7d","metadata":{"@type":"type.googleapis.com/google.cloud.functions.v2.OperationMetadata","createTime":"2026-03-04T15:40:36.165636014Z","target":"projects/pip-metric/locations/us-central1/functions/fetchTradingNews","verb":"create","cancelRequested":false,"apiVersion":"v2","requestResource":{"@type":"type.googleapis.com/google.cloud.functions.v2.Function","name":"projects/pip-metric/locations/us-central1/functions/fetchTradingNews","buildConfig":{"runtime":"nodejs24","entryPoint":"fetchTradingNews","source":{"storageSource":{"bucket":"gcf-v2-sources-16549216806-us-central1","object":"fetchTradingNews/function-source.zip","generation":"1772638835859523"}},"environmentVariables":{"GOOGLE_NODE_RUN_SCRIPTS":""},"serviceAccount":"projects/pip-metric/serviceAccounts/16549216806-compute@developer.gserviceaccount.com","automaticUpdatePolicy":{}},"serviceConfig":{"service":"projects/pip-metric/locations/us-central1/services/fetchtradingnews","timeoutSeconds":60,"environmentVariables":{"FIREBASE_CONFIG":"{\"projectId\":\"pip-metric\",\"storageBucket\":\"pip-metric.firebasestorage.app\"}","GCLOUD_PROJECT":"pip-metric","EVENTARC_CLOUD_EVENT_SOURCE":"projects/pip-metric/locations/us-central1/services/fetchTradingNews","FUNCTION_TARGET":"fetchTradingNews","LOG_EXECUTION_ID":"true"},"ingressSettings":"ALLOW_ALL","serviceAccountEmail":"16549216806-compute@developer.gserviceaccount.com","availableMemory":"256Mi","maxInstanceRequestConcurrency":80,"availableCpu":"1"},"labels":{"deployment-tool":"cli-firebase","firebase-functions-hash":"e40fca2262ea4ee3117001cbbd29b664d9285d3c"},"environment":"GEN_2"},"stages":[{"name":"BUILD","message":"Build in progress","state":"IN_PROGRESS","resource":"projects/16549216806/locations/us-central1/builds/25dea766-da90-4fa1-9e7b-bd73da41967e","resourceUri":"https://console.cloud.google.com/cloud-build/builds;region=us-central1/25dea766-da90-4fa1-9e7b-bd73da41967e?project=16549216806"},{"name":"SERVICE","state":"NOT_STARTED"}],"operationType":"CREATE_FUNCTION","buildName":"projects/16549216806/locations/us-central1/builds/25dea766-da90-4fa1-9e7b-bd73da41967e"},"done":false}
[debug] [2026-03-04T15:41:26.768Z] [create-default-us-central1-fetchTradingNews] Retrying task index 0
[debug] [2026-03-04T15:41:26.768Z] Checked if tokens are valid: true, expires at: 1772642367339
[debug] [2026-03-04T15:41:26.768Z] Checked if tokens are valid: true, expires at: 1772642367339
[debug] [2026-03-04T15:41:26.769Z] >>> [apiv2][query] GET https://cloudfunctions.googleapis.com/v2/projects/pip-metric/locations/us-central1/operations/operation-1772638835200-64c34a416503c-1bb94152-c11a1d7d [none]
[debug] [2026-03-04T15:41:30.235Z] <<< [apiv2][status] GET https://cloudfunctions.googleapis.com/v2/projects/pip-metric/locations/us-central1/operations/operation-1772638835200-64c34a416503c-1bb94152-c11a1d7d 200
[debug] [2026-03-04T15:41:30.236Z] <<< [apiv2][body] GET https://cloudfunctions.googleapis.com/v2/projects/pip-metric/locations/us-central1/operations/operation-1772638835200-64c34a416503c-1bb94152-c11a1d7d {"name":"projects/pip-metric/locations/us-central1/operations/operation-1772638835200-64c34a416503c-1bb94152-c11a1d7d","metadata":{"@type":"type.googleapis.com/google.cloud.functions.v2.OperationMetadata","createTime":"2026-03-04T15:40:36.165636014Z","target":"projects/pip-metric/locations/us-central1/functions/fetchTradingNews","verb":"create","cancelRequested":false,"apiVersion":"v2","requestResource":{"@type":"type.googleapis.com/google.cloud.functions.v2.Function","name":"projects/pip-metric/locations/us-central1/functions/fetchTradingNews","buildConfig":{"runtime":"nodejs24","entryPoint":"fetchTradingNews","source":{"storageSource":{"bucket":"gcf-v2-sources-16549216806-us-central1","object":"fetchTradingNews/function-source.zip","generation":"1772638835859523"}},"environmentVariables":{"GOOGLE_NODE_RUN_SCRIPTS":""},"serviceAccount":"projects/pip-metric/serviceAccounts/16549216806-compute@developer.gserviceaccount.com","automaticUpdatePolicy":{}},"serviceConfig":{"service":"projects/pip-metric/locations/us-central1/services/fetchtradingnews","timeoutSeconds":60,"environmentVariables":{"FIREBASE_CONFIG":"{\"projectId\":\"pip-metric\",\"storageBucket\":\"pip-metric.firebasestorage.app\"}","GCLOUD_PROJECT":"pip-metric","EVENTARC_CLOUD_EVENT_SOURCE":"projects/pip-metric/locations/us-central1/services/fetchTradingNews","FUNCTION_TARGET":"fetchTradingNews","LOG_EXECUTION_ID":"true"},"ingressSettings":"ALLOW_ALL","serviceAccountEmail":"16549216806-compute@developer.gserviceaccount.com","availableMemory":"256Mi","maxInstanceRequestConcurrency":80,"availableCpu":"1"},"labels":{"deployment-tool":"cli-firebase","firebase-functions-hash":"e40fca2262ea4ee3117001cbbd29b664d9285d3c"},"environment":"GEN_2"},"stages":[{"name":"BUILD","message":"Build in progress","state":"IN_PROGRESS","resource":"projects/16549216806/locations/us-central1/builds/25dea766-da90-4fa1-9e7b-bd73da41967e","resourceUri":"https://console.cloud.google.com/cloud-build/builds;region=us-central1/25dea766-da90-4fa1-9e7b-bd73da41967e?project=16549216806"},{"name":"SERVICE","state":"NOT_STARTED"}],"operationType":"CREATE_FUNCTION","buildName":"projects/16549216806/locations/us-central1/builds/25dea766-da90-4fa1-9e7b-bd73da41967e"},"done":false}
[debug] [2026-03-04T15:41:40.236Z] [create-default-us-central1-fetchTradingNews] Retrying task index 0
[debug] [2026-03-04T15:41:40.237Z] Checked if tokens are valid: true, expires at: 1772642367339
[debug] [2026-03-04T15:41:40.237Z] Checked if tokens are valid: true, expires at: 1772642367339
[debug] [2026-03-04T15:41:40.237Z] >>> [apiv2][query] GET https://cloudfunctions.googleapis.com/v2/projects/pip-metric/locations/us-central1/operations/operation-1772638835200-64c34a416503c-1bb94152-c11a1d7d [none]
[debug] [2026-03-04T15:41:43.008Z] <<< [apiv2][status] GET https://cloudfunctions.googleapis.com/v2/projects/pip-metric/locations/us-central1/operations/operation-1772638835200-64c34a416503c-1bb94152-c11a1d7d 200
[debug] [2026-03-04T15:41:43.008Z] <<< [apiv2][body] GET https://cloudfunctions.googleapis.com/v2/projects/pip-metric/locations/us-central1/operations/operation-1772638835200-64c34a416503c-1bb94152-c11a1d7d {"name":"projects/pip-metric/locations/us-central1/operations/operation-1772638835200-64c34a416503c-1bb94152-c11a1d7d","metadata":{"@type":"type.googleapis.com/google.cloud.functions.v2.OperationMetadata","createTime":"2026-03-04T15:40:36.165636014Z","target":"projects/pip-metric/locations/us-central1/functions/fetchTradingNews","verb":"create","cancelRequested":false,"apiVersion":"v2","requestResource":{"@type":"type.googleapis.com/google.cloud.functions.v2.Function","name":"projects/pip-metric/locations/us-central1/functions/fetchTradingNews","buildConfig":{"runtime":"nodejs24","entryPoint":"fetchTradingNews","source":{"storageSource":{"bucket":"gcf-v2-sources-16549216806-us-central1","object":"fetchTradingNews/function-source.zip","generation":"1772638835859523"}},"environmentVariables":{"GOOGLE_NODE_RUN_SCRIPTS":""},"serviceAccount":"projects/pip-metric/serviceAccounts/16549216806-compute@developer.gserviceaccount.com","automaticUpdatePolicy":{}},"serviceConfig":{"service":"projects/pip-metric/locations/us-central1/services/fetchtradingnews","timeoutSeconds":60,"environmentVariables":{"FIREBASE_CONFIG":"{\"projectId\":\"pip-metric\",\"storageBucket\":\"pip-metric.firebasestorage.app\"}","GCLOUD_PROJECT":"pip-metric","EVENTARC_CLOUD_EVENT_SOURCE":"projects/pip-metric/locations/us-central1/services/fetchTradingNews","FUNCTION_TARGET":"fetchTradingNews","LOG_EXECUTION_ID":"true"},"ingressSettings":"ALLOW_ALL","serviceAccountEmail":"16549216806-compute@developer.gserviceaccount.com","availableMemory":"256Mi","maxInstanceRequestConcurrency":80,"availableCpu":"1"},"labels":{"deployment-tool":"cli-firebase","firebase-functions-hash":"e40fca2262ea4ee3117001cbbd29b664d9285d3c"},"environment":"GEN_2"},"stages":[{"name":"BUILD","message":"Build in progress","state":"IN_PROGRESS","resource":"projects/16549216806/locations/us-central1/builds/25dea766-da90-4fa1-9e7b-bd73da41967e","resourceUri":"https://console.cloud.google.com/cloud-build/builds;region=us-central1/25dea766-da90-4fa1-9e7b-bd73da41967e?project=16549216806"},{"name":"SERVICE","state":"NOT_STARTED"}],"operationType":"CREATE_FUNCTION","buildName":"projects/16549216806/locations/us-central1/builds/25dea766-da90-4fa1-9e7b-bd73da41967e"},"done":false}
[debug] [2026-03-04T15:41:53.009Z] [create-default-us-central1-fetchTradingNews] Retrying task index 0
[debug] [2026-03-04T15:41:53.012Z] Checked if tokens are valid: true, expires at: 1772642367339
[debug] [2026-03-04T15:41:53.012Z] Checked if tokens are valid: true, expires at: 1772642367339
[debug] [2026-03-04T15:41:53.013Z] >>> [apiv2][query] GET https://cloudfunctions.googleapis.com/v2/projects/pip-metric/locations/us-central1/operations/operation-1772638835200-64c34a416503c-1bb94152-c11a1d7d [none]
[debug] [2026-03-04T15:41:56.632Z] <<< [apiv2][status] GET https://cloudfunctions.googleapis.com/v2/projects/pip-metric/locations/us-central1/operations/operation-1772638835200-64c34a416503c-1bb94152-c11a1d7d 200
[debug] [2026-03-04T15:41:56.632Z] <<< [apiv2][body] GET https://cloudfunctions.googleapis.com/v2/projects/pip-metric/locations/us-central1/operations/operation-1772638835200-64c34a416503c-1bb94152-c11a1d7d {"name":"projects/pip-metric/locations/us-central1/operations/operation-1772638835200-64c34a416503c-1bb94152-c11a1d7d","metadata":{"@type":"type.googleapis.com/google.cloud.functions.v2.OperationMetadata","createTime":"2026-03-04T15:40:36.165636014Z","target":"projects/pip-metric/locations/us-central1/functions/fetchTradingNews","verb":"create","cancelRequested":false,"apiVersion":"v2","requestResource":{"@type":"type.googleapis.com/google.cloud.functions.v2.Function","name":"projects/pip-metric/locations/us-central1/functions/fetchTradingNews","buildConfig":{"runtime":"nodejs24","entryPoint":"fetchTradingNews","source":{"storageSource":{"bucket":"gcf-v2-sources-16549216806-us-central1","object":"fetchTradingNews/function-source.zip","generation":"1772638835859523"}},"environmentVariables":{"GOOGLE_NODE_RUN_SCRIPTS":""},"serviceAccount":"projects/pip-metric/serviceAccounts/16549216806-compute@developer.gserviceaccount.com","automaticUpdatePolicy":{}},"serviceConfig":{"service":"projects/pip-metric/locations/us-central1/services/fetchtradingnews","timeoutSeconds":60,"environmentVariables":{"FIREBASE_CONFIG":"{\"projectId\":\"pip-metric\",\"storageBucket\":\"pip-metric.firebasestorage.app\"}","GCLOUD_PROJECT":"pip-metric","EVENTARC_CLOUD_EVENT_SOURCE":"projects/pip-metric/locations/us-central1/services/fetchTradingNews","FUNCTION_TARGET":"fetchTradingNews","LOG_EXECUTION_ID":"true"},"ingressSettings":"ALLOW_ALL","serviceAccountEmail":"16549216806-compute@developer.gserviceaccount.com","availableMemory":"256Mi","maxInstanceRequestConcurrency":80,"availableCpu":"1"},"labels":{"deployment-tool":"cli-firebase","firebase-functions-hash":"e40fca2262ea4ee3117001cbbd29b664d9285d3c"},"environment":"GEN_2"},"stages":[{"name":"BUILD","message":"Build finished","state":"COMPLETE","resource":"projects/16549216806/locations/us-central1/builds/25dea766-da90-4fa1-9e7b-bd73da41967e","resourceUri":"https://console.cloud.google.com/cloud-build/builds;region=us-central1/25dea766-da90-4fa1-9e7b-bd73da41967e?project=16549216806"},{"name":"SERVICE","message":"Creating Cloud Run service","state":"IN_PROGRESS","resource":"projects/pip-metric/locations/us-central1/services/fetchtradingnews","resourceUri":"https://console.cloud.google.com/run/detail/us-central1/fetchtradingnews?project=pip-metric"}],"sourceToken":"ClZwcm9qZWN0cy8xNjU0OTIxNjgwNi9sb2NhdGlvbnMvdXMtY2VudHJhbDEvYnVpbGRzLzI1ZGVhNzY2LWRhOTAtNGZhMS05ZTdiLWJkNzNkYTQxOTY3ZRJrdXMtY2VudHJhbDEtZG9ja2VyLnBrZy5kZXYvcGlwLW1ldHJpYy9nY2YtYXJ0aWZhY3RzL3BpcC0tbWV0cmljX191cy0tY2VudHJhbDFfX2ZldGNoX3RyYWRpbmdfbmV3czp2ZXJzaW9uXzEYpoSk0z0iRHByb2plY3RzL3BpcC1tZXRyaWMvbG9jYXRpb25zL3VzLWNlbnRyYWwxL2Z1bmN0aW9ucy9mZXRjaFRyYWRpbmdOZXdzKgwIu6WhzQYQyPih3wEyCG5vZGVqczI0OnYKI2djci5pby9nYWUtcnVudGltZXMvbm9kZWpzMjQ6c3RhYmxlEk91cy1jZW50cmFsMS1kb2NrZXIucGtnLmRldi9zZXJ2ZXJsZXNzLXJ1bnRpbWVzL2dvb2dsZS0yNC1mdWxsL3J1bnRpbWVzL25vZGVqczI0QAE=","operationType":"CREATE_FUNCTION","buildName":"projects/16549216806/locations/us-central1/builds/25dea766-da90-4fa1-9e7b-bd73da41967e"},"done":false}
[debug] [2026-03-04T15:41:56.632Z] Got source token ClZwcm9qZWN0cy8xNjU0OTIxNjgwNi9sb2NhdGlvbnMvdXMtY2VudHJhbDEvYnVpbGRzLzI1ZGVhNzY2LWRhOTAtNGZhMS05ZTdiLWJkNzNkYTQxOTY3ZRJrdXMtY2VudHJhbDEtZG9ja2VyLnBrZy5kZXYvcGlwLW1ldHJpYy9nY2YtYXJ0aWZhY3RzL3BpcC0tbWV0cmljX191cy0tY2VudHJhbDFfX2ZldGNoX3RyYWRpbmdfbmV3czp2ZXJzaW9uXzEYpoSk0z0iRHByb2plY3RzL3BpcC1tZXRyaWMvbG9jYXRpb25zL3VzLWNlbnRyYWwxL2Z1bmN0aW9ucy9mZXRjaFRyYWRpbmdOZXdzKgwIu6WhzQYQyPih3wEyCG5vZGVqczI0OnYKI2djci5pby9nYWUtcnVudGltZXMvbm9kZWpzMjQ6c3RhYmxlEk91cy1jZW50cmFsMS1kb2NrZXIucGtnLmRldi9zZXJ2ZXJsZXNzLXJ1bnRpbWVzL2dvb2dsZS0yNC1mdWxsL3J1bnRpbWVzL25vZGVqczI0QAE= for region us-central1
[debug] [2026-03-04T15:42:06.634Z] [create-default-us-central1-fetchTradingNews] Retrying task index 0
[debug] [2026-03-04T15:42:06.635Z] Checked if tokens are valid: true, expires at: 1772642367339
[debug] [2026-03-04T15:42:06.636Z] Checked if tokens are valid: true, expires at: 1772642367339
[debug] [2026-03-04T15:42:06.637Z] >>> [apiv2][query] GET https://cloudfunctions.googleapis.com/v2/projects/pip-metric/locations/us-central1/operations/operation-1772638835200-64c34a416503c-1bb94152-c11a1d7d [none]
[debug] [2026-03-04T15:42:09.772Z] <<< [apiv2][status] GET https://cloudfunctions.googleapis.com/v2/projects/pip-metric/locations/us-central1/operations/operation-1772638835200-64c34a416503c-1bb94152-c11a1d7d 200
[debug] [2026-03-04T15:42:09.773Z] <<< [apiv2][body] GET https://cloudfunctions.googleapis.com/v2/projects/pip-metric/locations/us-central1/operations/operation-1772638835200-64c34a416503c-1bb94152-c11a1d7d {"name":"projects/pip-metric/locations/us-central1/operations/operation-1772638835200-64c34a416503c-1bb94152-c11a1d7d","metadata":{"@type":"type.googleapis.com/google.cloud.functions.v2.OperationMetadata","createTime":"2026-03-04T15:40:36.165636014Z","target":"projects/pip-metric/locations/us-central1/functions/fetchTradingNews","verb":"create","cancelRequested":false,"apiVersion":"v2","requestResource":{"@type":"type.googleapis.com/google.cloud.functions.v2.Function","name":"projects/pip-metric/locations/us-central1/functions/fetchTradingNews","buildConfig":{"runtime":"nodejs24","entryPoint":"fetchTradingNews","source":{"storageSource":{"bucket":"gcf-v2-sources-16549216806-us-central1","object":"fetchTradingNews/function-source.zip","generation":"1772638835859523"}},"environmentVariables":{"GOOGLE_NODE_RUN_SCRIPTS":""},"serviceAccount":"projects/pip-metric/serviceAccounts/16549216806-compute@developer.gserviceaccount.com","automaticUpdatePolicy":{}},"serviceConfig":{"service":"projects/pip-metric/locations/us-central1/services/fetchtradingnews","timeoutSeconds":60,"environmentVariables":{"FIREBASE_CONFIG":"{\"projectId\":\"pip-metric\",\"storageBucket\":\"pip-metric.firebasestorage.app\"}","GCLOUD_PROJECT":"pip-metric","EVENTARC_CLOUD_EVENT_SOURCE":"projects/pip-metric/locations/us-central1/services/fetchTradingNews","FUNCTION_TARGET":"fetchTradingNews","LOG_EXECUTION_ID":"true"},"ingressSettings":"ALLOW_ALL","serviceAccountEmail":"16549216806-compute@developer.gserviceaccount.com","availableMemory":"256Mi","maxInstanceRequestConcurrency":80,"availableCpu":"1"},"labels":{"deployment-tool":"cli-firebase","firebase-functions-hash":"e40fca2262ea4ee3117001cbbd29b664d9285d3c"},"environment":"GEN_2"},"stages":[{"name":"BUILD","message":"Build finished","state":"COMPLETE","resource":"projects/16549216806/locations/us-central1/builds/25dea766-da90-4fa1-9e7b-bd73da41967e","resourceUri":"https://console.cloud.google.com/cloud-build/builds;region=us-central1/25dea766-da90-4fa1-9e7b-bd73da41967e?project=16549216806"},{"name":"SERVICE","message":"Creating Cloud Run service","state":"IN_PROGRESS","resource":"projects/pip-metric/locations/us-central1/services/fetchtradingnews","resourceUri":"https://console.cloud.google.com/run/detail/us-central1/fetchtradingnews?project=pip-metric"}],"sourceToken":"ClZwcm9qZWN0cy8xNjU0OTIxNjgwNi9sb2NhdGlvbnMvdXMtY2VudHJhbDEvYnVpbGRzLzI1ZGVhNzY2LWRhOTAtNGZhMS05ZTdiLWJkNzNkYTQxOTY3ZRJrdXMtY2VudHJhbDEtZG9ja2VyLnBrZy5kZXYvcGlwLW1ldHJpYy9nY2YtYXJ0aWZhY3RzL3BpcC0tbWV0cmljX191cy0tY2VudHJhbDFfX2ZldGNoX3RyYWRpbmdfbmV3czp2ZXJzaW9uXzEYpoSk0z0iRHByb2plY3RzL3BpcC1tZXRyaWMvbG9jYXRpb25zL3VzLWNlbnRyYWwxL2Z1bmN0aW9ucy9mZXRjaFRyYWRpbmdOZXdzKgwIu6WhzQYQyPih3wEyCG5vZGVqczI0OnYKI2djci5pby9nYWUtcnVudGltZXMvbm9kZWpzMjQ6c3RhYmxlEk91cy1jZW50cmFsMS1kb2NrZXIucGtnLmRldi9zZXJ2ZXJsZXNzLXJ1bnRpbWVzL2dvb2dsZS0yNC1mdWxsL3J1bnRpbWVzL25vZGVqczI0QAE=","operationType":"CREATE_FUNCTION","buildName":"projects/16549216806/locations/us-central1/builds/25dea766-da90-4fa1-9e7b-bd73da41967e"},"done":false}
[debug] [2026-03-04T15:42:09.773Z] Got source token ClZwcm9qZWN0cy8xNjU0OTIxNjgwNi9sb2NhdGlvbnMvdXMtY2VudHJhbDEvYnVpbGRzLzI1ZGVhNzY2LWRhOTAtNGZhMS05ZTdiLWJkNzNkYTQxOTY3ZRJrdXMtY2VudHJhbDEtZG9ja2VyLnBrZy5kZXYvcGlwLW1ldHJpYy9nY2YtYXJ0aWZhY3RzL3BpcC0tbWV0cmljX191cy0tY2VudHJhbDFfX2ZldGNoX3RyYWRpbmdfbmV3czp2ZXJzaW9uXzEYpoSk0z0iRHByb2plY3RzL3BpcC1tZXRyaWMvbG9jYXRpb25zL3VzLWNlbnRyYWwxL2Z1bmN0aW9ucy9mZXRjaFRyYWRpbmdOZXdzKgwIu6WhzQYQyPih3wEyCG5vZGVqczI0OnYKI2djci5pby9nYWUtcnVudGltZXMvbm9kZWpzMjQ6c3RhYmxlEk91cy1jZW50cmFsMS1kb2NrZXIucGtnLmRldi9zZXJ2ZXJsZXNzLXJ1bnRpbWVzL2dvb2dsZS0yNC1mdWxsL3J1bnRpbWVzL25vZGVqczI0QAE= for region us-central1
[debug] [2026-03-04T15:42:19.774Z] [create-default-us-central1-fetchTradingNews] Retrying task index 0
[debug] [2026-03-04T15:42:19.775Z] Checked if tokens are valid: true, expires at: 1772642367339
[debug] [2026-03-04T15:42:19.775Z] Checked if tokens are valid: true, expires at: 1772642367339
[debug] [2026-03-04T15:42:19.775Z] >>> [apiv2][query] GET https://cloudfunctions.googleapis.com/v2/projects/pip-metric/locations/us-central1/operations/operation-1772638835200-64c34a416503c-1bb94152-c11a1d7d [none]
[debug] [2026-03-04T15:42:24.599Z] <<< [apiv2][status] GET https://cloudfunctions.googleapis.com/v2/projects/pip-metric/locations/us-central1/operations/operation-1772638835200-64c34a416503c-1bb94152-c11a1d7d 200
[debug] [2026-03-04T15:42:24.600Z] <<< [apiv2][body] GET https://cloudfunctions.googleapis.com/v2/projects/pip-metric/locations/us-central1/operations/operation-1772638835200-64c34a416503c-1bb94152-c11a1d7d {"name":"projects/pip-metric/locations/us-central1/operations/operation-1772638835200-64c34a416503c-1bb94152-c11a1d7d","metadata":{"@type":"type.googleapis.com/google.cloud.functions.v2.OperationMetadata","createTime":"2026-03-04T15:40:36.165636014Z","endTime":"2026-03-04T15:42:10.137771912Z","target":"projects/pip-metric/locations/us-central1/functions/fetchTradingNews","verb":"create","cancelRequested":false,"apiVersion":"v2","requestResource":{"@type":"type.googleapis.com/google.cloud.functions.v2.Function","name":"projects/pip-metric/locations/us-central1/functions/fetchTradingNews","buildConfig":{"runtime":"nodejs24","entryPoint":"fetchTradingNews","source":{"storageSource":{"bucket":"gcf-v2-sources-16549216806-us-central1","object":"fetchTradingNews/function-source.zip","generation":"1772638835859523"}},"environmentVariables":{"GOOGLE_NODE_RUN_SCRIPTS":""},"serviceAccount":"projects/pip-metric/serviceAccounts/16549216806-compute@developer.gserviceaccount.com","automaticUpdatePolicy":{}},"serviceConfig":{"service":"projects/pip-metric/locations/us-central1/services/fetchtradingnews","timeoutSeconds":60,"environmentVariables":{"FIREBASE_CONFIG":"{\"projectId\":\"pip-metric\",\"storageBucket\":\"pip-metric.firebasestorage.app\"}","GCLOUD_PROJECT":"pip-metric","EVENTARC_CLOUD_EVENT_SOURCE":"projects/pip-metric/locations/us-central1/services/fetchTradingNews","FUNCTION_TARGET":"fetchTradingNews","LOG_EXECUTION_ID":"true"},"ingressSettings":"ALLOW_ALL","serviceAccountEmail":"16549216806-compute@developer.gserviceaccount.com","availableMemory":"256Mi","maxInstanceRequestConcurrency":80,"availableCpu":"1"},"labels":{"deployment-tool":"cli-firebase","firebase-functions-hash":"e40fca2262ea4ee3117001cbbd29b664d9285d3c"},"environment":"GEN_2"},"stages":[{"name":"BUILD","message":"Build finished","state":"COMPLETE","resource":"projects/16549216806/locations/us-central1/builds/25dea766-da90-4fa1-9e7b-bd73da41967e","resourceUri":"https://console.cloud.google.com/cloud-build/builds;region=us-central1/25dea766-da90-4fa1-9e7b-bd73da41967e?project=16549216806"},{"name":"SERVICE","message":"Creating Cloud Run service","state":"COMPLETE","resource":"projects/pip-metric/locations/us-central1/services/fetchtradingnews","resourceUri":"https://console.cloud.google.com/run/detail/us-central1/fetchtradingnews?project=pip-metric"}],"sourceToken":"ClZwcm9qZWN0cy8xNjU0OTIxNjgwNi9sb2NhdGlvbnMvdXMtY2VudHJhbDEvYnVpbGRzLzI1ZGVhNzY2LWRhOTAtNGZhMS05ZTdiLWJkNzNkYTQxOTY3ZRJrdXMtY2VudHJhbDEtZG9ja2VyLnBrZy5kZXYvcGlwLW1ldHJpYy9nY2YtYXJ0aWZhY3RzL3BpcC0tbWV0cmljX191cy0tY2VudHJhbDFfX2ZldGNoX3RyYWRpbmdfbmV3czp2ZXJzaW9uXzEYpoSk0z0iRHByb2plY3RzL3BpcC1tZXRyaWMvbG9jYXRpb25zL3VzLWNlbnRyYWwxL2Z1bmN0aW9ucy9mZXRjaFRyYWRpbmdOZXdzKgwIu6WhzQYQyPih3wEyCG5vZGVqczI0OnYKI2djci5pby9nYWUtcnVudGltZXMvbm9kZWpzMjQ6c3RhYmxlEk91cy1jZW50cmFsMS1kb2NrZXIucGtnLmRldi9zZXJ2ZXJsZXNzLXJ1bnRpbWVzL2dvb2dsZS0yNC1mdWxsL3J1bnRpbWVzL25vZGVqczI0QAE=","operationType":"CREATE_FUNCTION","buildName":"projects/16549216806/locations/us-central1/builds/25dea766-da90-4fa1-9e7b-bd73da41967e"},"done":true,"response":{"@type":"type.googleapis.com/google.cloud.functions.v2.Function","name":"projects/pip-metric/locations/us-central1/functions/fetchTradingNews","buildConfig":{"build":"projects/16549216806/locations/us-central1/builds/25dea766-da90-4fa1-9e7b-bd73da41967e","runtime":"nodejs24","entryPoint":"fetchTradingNews","source":{"storageSource":{"bucket":"gcf-v2-sources-16549216806-us-central1","object":"fetchTradingNews/function-source.zip","generation":"1772638835859523"}},"environmentVariables":{"GOOGLE_NODE_RUN_SCRIPTS":""},"dockerRepository":"projects/pip-metric/locations/us-central1/repositories/gcf-artifacts","sourceProvenance":{"resolvedStorageSource":{"bucket":"gcf-v2-sources-16549216806-us-central1","object":"fetchTradingNews/function-source.zip","generation":"1772638835859523"}},"dockerRegistry":"ARTIFACT_REGISTRY","serviceAccount":"projects/pip-metric/serviceAccounts/16549216806-compute@developer.gserviceaccount.com","automaticUpdatePolicy":{}},"serviceConfig":{"service":"projects/pip-metric/locations/us-central1/services/fetchtradingnews","timeoutSeconds":60,"environmentVariables":{"FIREBASE_CONFIG":"{\"projectId\":\"pip-metric\",\"storageBucket\":\"pip-metric.firebasestorage.app\"}","GCLOUD_PROJECT":"pip-metric","EVENTARC_CLOUD_EVENT_SOURCE":"projects/pip-metric/locations/us-central1/services/fetchTradingNews","FUNCTION_TARGET":"fetchTradingNews","LOG_EXECUTION_ID":"true"},"ingressSettings":"ALLOW_ALL","uri":"https://fetchtradingnews-dgaiuubf5q-uc.a.run.app","serviceAccountEmail":"16549216806-compute@developer.gserviceaccount.com","availableMemory":"256Mi","allTrafficOnLatestRevision":true,"revision":"fetchtradingnews-00001-jed","maxInstanceRequestConcurrency":80,"availableCpu":"1"},"state":"ACTIVE","updateTime":"2026-03-04T15:40:36.161103797Z","labels":{"firebase-functions-hash":"e40fca2262ea4ee3117001cbbd29b664d9285d3c","deployment-tool":"cli-firebase"},"environment":"GEN_2","url":"https://us-central1-pip-metric.cloudfunctions.net/fetchTradingNews","createTime":"2026-03-04T15:40:36.161103797Z","satisfiesPzi":true}}
[debug] [2026-03-04T15:42:24.600Z] Got source token ClZwcm9qZWN0cy8xNjU0OTIxNjgwNi9sb2NhdGlvbnMvdXMtY2VudHJhbDEvYnVpbGRzLzI1ZGVhNzY2LWRhOTAtNGZhMS05ZTdiLWJkNzNkYTQxOTY3ZRJrdXMtY2VudHJhbDEtZG9ja2VyLnBrZy5kZXYvcGlwLW1ldHJpYy9nY2YtYXJ0aWZhY3RzL3BpcC0tbWV0cmljX191cy0tY2VudHJhbDFfX2ZldGNoX3RyYWRpbmdfbmV3czp2ZXJzaW9uXzEYpoSk0z0iRHByb2plY3RzL3BpcC1tZXRyaWMvbG9jYXRpb25zL3VzLWNlbnRyYWwxL2Z1bmN0aW9ucy9mZXRjaFRyYWRpbmdOZXdzKgwIu6WhzQYQyPih3wEyCG5vZGVqczI0OnYKI2djci5pby9nYWUtcnVudGltZXMvbm9kZWpzMjQ6c3RhYmxlEk91cy1jZW50cmFsMS1kb2NrZXIucGtnLmRldi9zZXJ2ZXJsZXNzLXJ1bnRpbWVzL2dvb2dsZS0yNC1mdWxsL3J1bnRpbWVzL25vZGVqczI0QAE= for region us-central1
[debug] [2026-03-04T15:42:24.612Z] Checked if tokens are valid: true, expires at: 1772642367339
[debug] [2026-03-04T15:42:24.612Z] Checked if tokens are valid: true, expires at: 1772642367339
[debug] [2026-03-04T15:42:24.612Z] >>> [apiv2][query] POST https://run.googleapis.com/v1/projects/pip-metric/locations/us-central1/services/fetchtradingnews:setIamPolicy [none]
[debug] [2026-03-04T15:42:24.613Z] >>> [apiv2][body] POST https://run.googleapis.com/v1/projects/pip-metric/locations/us-central1/services/fetchtradingnews:setIamPolicy {"policy":{"bindings":[{"role":"roles/run.invoker","members":["allUsers"]}],"etag":"","version":3},"updateMask":"bindings,etag,version"}
[debug] [2026-03-04T15:42:27.762Z] <<< [apiv2][status] POST https://run.googleapis.com/v1/projects/pip-metric/locations/us-central1/services/fetchtradingnews:setIamPolicy 200
[debug] [2026-03-04T15:42:27.763Z] <<< [apiv2][body] POST https://run.googleapis.com/v1/projects/pip-metric/locations/us-central1/services/fetchtradingnews:setIamPolicy {"version":1,"etag":"BwZMNKrKWbk=","bindings":[{"role":"roles/run.invoker","members":["allUsers"]}]}
[info] ✔  functions[fetchTradingNews(us-central1)] Successful create operation. 
[debug] [2026-03-04T15:42:27.776Z] Total Function Deployment time: 114993
[debug] [2026-03-04T15:42:27.776Z] 1 Functions Deployed
[debug] [2026-03-04T15:42:27.776Z] 0 Functions Errored
[debug] [2026-03-04T15:42:27.776Z] 0 Function Deployments Aborted
[debug] [2026-03-04T15:42:27.776Z] Average Function Deployment time: 114991
[info] Function URL (fetchTradingNews(us-central1)): https://us-central1-pip-metric.cloudfunctions.net/fetchTradingNews
[debug] [2026-03-04T15:42:33.118Z] Checked if tokens are valid: true, expires at: 1772642367339
[debug] [2026-03-04T15:42:33.118Z] Checked if tokens are valid: true, expires at: 1772642367339
[debug] [2026-03-04T15:42:33.118Z] >>> [apiv2][query] GET https://artifactregistry.googleapis.com/v1/projects/pip-metric/locations/us-central1/repositories/gcf-artifacts [none]
[debug] [2026-03-04T15:42:38.191Z] <<< [apiv2][status] GET https://artifactregistry.googleapis.com/v1/projects/pip-metric/locations/us-central1/repositories/gcf-artifacts 200
[debug] [2026-03-04T15:42:38.192Z] <<< [apiv2][body] GET https://artifactregistry.googleapis.com/v1/projects/pip-metric/locations/us-central1/repositories/gcf-artifacts {"name":"projects/pip-metric/locations/us-central1/repositories/gcf-artifacts","format":"DOCKER","description":"This repository is created and used by Cloud Functions for storing function docker images.","labels":{"goog-managed-by":"cloudfunctions"},"createTime":"2026-03-04T15:40:47.387090Z","updateTime":"2026-03-04T15:41:39.739739Z","mode":"STANDARD_REPOSITORY","sizeBytes":"107251773","vulnerabilityScanningConfig":{"lastEnableTime":"2026-03-04T15:40:36.352607188Z","enablementState":"SCANNING_DISABLED","enablementStateReason":"API containerscanning.googleapis.com is not enabled."},"satisfiesPzi":true,"registryUri":"us-central1-docker.pkg.dev/pip-metric/gcf-artifacts"}
[warn] ⚠  functions: No cleanup policy detected for repositories in us-central1. This may result in a small monthly bill as container images accumulate over time. 
[info] i  functions: Configuring cleanup policy for repository in us-central1. Images older than 2 days will be automatically deleted. 
[debug] [2026-03-04T15:49:50.988Z] Setting up artifact cleanup policy for region us-central1
[debug] [2026-03-04T15:49:50.989Z] Checked if tokens are valid: true, expires at: 1772642367339
[debug] [2026-03-04T15:49:50.989Z] Checked if tokens are valid: true, expires at: 1772642367339
[debug] [2026-03-04T15:49:50.990Z] >>> [apiv2][query] PATCH https://artifactregistry.googleapis.com/v1/projects/pip-metric/locations/us-central1/repositories/gcf-artifacts updateMask=name%2CcleanupPolicies%2CcleanupPolicyDryRun%2Clabels
[debug] [2026-03-04T15:49:50.990Z] >>> [apiv2][body] PATCH https://artifactregistry.googleapis.com/v1/projects/pip-metric/locations/us-central1/repositories/gcf-artifacts {"name":"projects/pip-metric/locations/us-central1/repositories/gcf-artifacts","cleanupPolicies":{"firebase-functions-cleanup":{"id":"firebase-functions-cleanup","condition":{"tagState":"ANY","olderThan":"172800s"},"action":"DELETE"}},"cleanupPolicyDryRun":false,"labels":{"goog-managed-by":"cloudfunctions"}}
[debug] [2026-03-04T15:49:55.313Z] <<< [apiv2][status] PATCH https://artifactregistry.googleapis.com/v1/projects/pip-metric/locations/us-central1/repositories/gcf-artifacts 200
[debug] [2026-03-04T15:49:55.314Z] <<< [apiv2][body] PATCH https://artifactregistry.googleapis.com/v1/projects/pip-metric/locations/us-central1/repositories/gcf-artifacts {"name":"projects/pip-metric/locations/us-central1/repositories/gcf-artifacts","format":"DOCKER","description":"This repository is created and used by Cloud Functions for storing function docker images.","labels":{"goog-managed-by":"cloudfunctions"},"createTime":"2026-03-04T15:40:47.387090Z","updateTime":"2026-03-04T15:49:55.024992Z","mode":"STANDARD_REPOSITORY","cleanupPolicies":{"firebase-functions-cleanup":{"id":"firebase-functions-cleanup","action":"DELETE","condition":{"tagState":"ANY","olderThan":"172800s"}}},"vulnerabilityScanningConfig":{"lastEnableTime":"2026-03-04T15:40:36.352607188Z","enablementState":"SCANNING_DISABLED","enablementStateReason":"API containerscanning.googleapis.com is not enabled."},"satisfiesPzi":true}
[info] i  functions: Configured cleanup policy for repository in us-central1. 
[info] 
[info] ✔  Deploy complete! 
[info] 
[info] Project Console: https://console.firebase.google.com/project/pip-metric/overview
[debug] [2026-03-04T15:50:04.639Z] Error: Timed out.
    at Timeout._onTimeout (/usr/local/lib/node_modules/firebase-tools/lib/utils.js:308:49)
    at listOnTimeout (node:internal/timers:573:17)
    at process.processTimers (node:internal/timers:514:7)
[error] 
[error] Error: An unexpected error has occurred.
